{
  "RSpec": {
    "coverage": {
      "/Users/sean/turing/m1/projects/night_writer/spec/night_reader_spec.rb": {
        "lines": [
          1,
          1,
          null,
          1,
          8,
          null,
          1,
          1,
          1,
          null,
          1,
          null,
          1,
          null,
          1,
          null,
          1,
          null,
          1,
          1,
          null,
          null,
          null,
          1,
          1,
          1,
          1,
          null,
          null,
          null,
          1,
          1,
          1,
          null,
          1,
          1,
          1,
          1,
          null,
          null,
          null
        ]
      },
      "/Users/sean/turing/m1/projects/night_writer/lib/night_reader.rb": {
        "lines": [
          1,
          1,
          null,
          1,
          7,
          7,
          7,
          null,
          null,
          1,
          1,
          null,
          null,
          1,
          1,
          null,
          null,
          1,
          3,
          3,
          3,
          null,
          null,
          null
        ]
      },
      "/Users/sean/turing/m1/projects/night_writer/spec/night_writer_spec.rb": {
        "lines": [
          1,
          1,
          null,
          1,
          18,
          null,
          1,
          1,
          1,
          null,
          1,
          null,
          1,
          null,
          1,
          null,
          1,
          null,
          1,
          1,
          null,
          null,
          null,
          1,
          1,
          1,
          1,
          null,
          null,
          null,
          1,
          1,
          1,
          null,
          1,
          1,
          1,
          null,
          null,
          null,
          1,
          1,
          1,
          null,
          1,
          1,
          null,
          null,
          null,
          1,
          1,
          1,
          null,
          1,
          1,
          null,
          1,
          1,
          null,
          null,
          null,
          1,
          1,
          2,
          null,
          1,
          1,
          null,
          1,
          1,
          1,
          null,
          null,
          null,
          1,
          1,
          1,
          42,
          null,
          1,
          null,
          1,
          1,
          82,
          null,
          1,
          null,
          1,
          1,
          1,
          1,
          null,
          42,
          42,
          null,
          1,
          null,
          null,
          null
        ]
      },
      "/Users/sean/turing/m1/projects/night_writer/lib/night_writer.rb": {
        "lines": [
          1,
          null,
          1,
          1,
          null,
          1,
          null,
          1,
          17,
          17,
          17,
          null,
          null,
          1,
          1,
          null,
          null,
          1,
          3,
          3,
          3,
          null,
          null,
          1,
          1,
          1,
          1,
          1,
          null,
          null,
          1,
          4,
          16,
          4,
          4,
          null,
          null,
          1,
          41,
          null,
          null,
          1,
          42,
          4,
          15,
          null,
          null,
          5,
          5,
          null,
          null,
          4,
          null,
          null
        ]
      },
      "/Users/sean/turing/m1/projects/night_writer/lib/braille_library.rb": {
        "lines": [
          1,
          1,
          null,
          26,
          null,
          null,
          null,
          null,
          null,
          null,
          null,
          null,
          null,
          null,
          null,
          null,
          null,
          null,
          null,
          null,
          null,
          null,
          null,
          null,
          null,
          null,
          null,
          null,
          null,
          null,
          null,
          null,
          null
        ]
      }
    },
    "timestamp": 1663879666
  }
}
