{
  "RSpec": {
    "coverage": {
      "/Users/sean/turing/m1/projects/night_writer/spec/braille_reader_spec.rb": {
        "lines": [
          1,
          1,
          null,
          1,
          14,
          null,
          1,
          1,
          1,
          null,
          1,
          1,
          null,
          1,
          1,
          null,
          1,
          1,
          null,
          null,
          null,
          1,
          1,
          1,
          1,
          1,
          null,
          null,
          null,
          1,
          1,
          1,
          null,
          1,
          1,
          1,
          1,
          1,
          null,
          1,
          1,
          null,
          null,
          null,
          1,
          1,
          1,
          1,
          null,
          1,
          1,
          1,
          null,
          1,
          1,
          null,
          null,
          null,
          null,
          null,
          null,
          1,
          1,
          null,
          null,
          null,
          1,
          1,
          null,
          1,
          null,
          1,
          null,
          1,
          null,
          null,
          null,
          1,
          1,
          2,
          null,
          1,
          1,
          null,
          1,
          1,
          1,
          null,
          null,
          null
        ]
      },
      "/Users/sean/turing/m1/projects/night_writer/lib/braille_reader.rb": {
        "lines": [
          1,
          1,
          null,
          1,
          1,
          null,
          1,
          null,
          1,
          1,
          null,
          null,
          1,
          1,
          null,
          null,
          1,
          3,
          3,
          3,
          null,
          null,
          1,
          6,
          6,
          6,
          68,
          null,
          6,
          null,
          null,
          1,
          70,
          210,
          null,
          null,
          null,
          1,
          1,
          1,
          3,
          1,
          null,
          null
        ]
      },
      "/Users/sean/turing/m1/projects/night_writer/lib/braille_library.rb": {
        "lines": [
          1,
          1,
          null,
          94,
          null,
          null,
          null,
          null,
          null,
          null,
          null,
          null,
          null,
          null,
          null,
          null,
          null,
          null,
          null,
          null,
          null,
          null,
          null,
          null,
          null,
          null,
          null,
          null,
          null,
          null,
          null,
          null,
          null
        ]
      },
      "/Users/sean/turing/m1/projects/night_writer/lib/braille_translator.rb": {
        "lines": [
          1,
          1,
          31,
          31,
          31,
          null,
          null,
          1,
          1,
          null,
          null,
          1,
          2,
          2,
          2,
          null,
          null,
          1,
          2,
          2,
          2,
          2,
          null,
          null
        ]
      },
      "/Users/sean/turing/m1/projects/night_writer/spec/braille_writer_spec.rb": {
        "lines": [
          1,
          1,
          null,
          1,
          19,
          null,
          1,
          1,
          1,
          null,
          1,
          1,
          null,
          1,
          1,
          null,
          1,
          1,
          null,
          null,
          null,
          1,
          1,
          1,
          1,
          null,
          null,
          null,
          1,
          1,
          1,
          null,
          1,
          1,
          1,
          1,
          null,
          1,
          1,
          null,
          null,
          null,
          1,
          1,
          1,
          null,
          1,
          1,
          null,
          null,
          null,
          1,
          1,
          1,
          null,
          1,
          1,
          null,
          1,
          1,
          null,
          null,
          null,
          1,
          1,
          2,
          null,
          1,
          1,
          null,
          null,
          1,
          1,
          1,
          null,
          null,
          null,
          1,
          1,
          1,
          42,
          null,
          1,
          null,
          1,
          1,
          82,
          null,
          1,
          null,
          1,
          1,
          1,
          1,
          null,
          42,
          42,
          null,
          1,
          null,
          null,
          null,
          1,
          1,
          1,
          1,
          1,
          1,
          null,
          null,
          null
        ]
      },
      "/Users/sean/turing/m1/projects/night_writer/lib/braille_writer.rb": {
        "lines": [
          1,
          1,
          null,
          1,
          1,
          null,
          1,
          null,
          1,
          4,
          16,
          16,
          4,
          4,
          null,
          null,
          1,
          41,
          null,
          null,
          1,
          7,
          null,
          null,
          1,
          4,
          null,
          null,
          1,
          40,
          6,
          null,
          null
        ]
      }
    },
    "timestamp": 1664129951
  }
}
